  源.cpp
D:\C++\Linktest\Linktest\new_test\Mutli thread\Mutli thread\源.cpp(19,24): warning C4244: “初始化”: 从“double”转换到“int”，可能丢失数据
D:\C++\Linktest\Linktest\new_test\Mutli thread\Mutli thread\源.cpp(35,12): warning C4477: “printf”: 格式字符串“%d”需要类型“int”的参数，但可变参数 1 拥有了类型“_Rep”
          with
          [
              _Rep=__int64
          ]
D:\C++\Linktest\Linktest\new_test\Mutli thread\Mutli thread\源.cpp(35,12): message : 请考虑在格式字符串中使用“%lld”
D:\C++\Linktest\Linktest\new_test\Mutli thread\Mutli thread\源.cpp(35,12): message : 请考虑在格式字符串中使用“%Id”
D:\C++\Linktest\Linktest\new_test\Mutli thread\Mutli thread\源.cpp(35,12): message : 请考虑在格式字符串中使用“%I64d”
D:\C++\Linktest\Linktest\new_test\Mutli thread\Mutli thread\源.cpp(46,12): warning C4477: “printf”: 格式字符串“%lld”需要类型“__int64”的参数，但可变参数 1 拥有了类型“unsigned int”
D:\C++\Linktest\Linktest\new_test\Mutli thread\Mutli thread\源.cpp(46,12): message : 请考虑在格式字符串中使用“%d”
D:\C++\Linktest\Linktest\new_test\Mutli thread\Mutli thread\源.cpp(46,12): message : 请考虑在格式字符串中使用“%I32d”
D:\C++\Linktest\Linktest\new_test\Mutli thread\Mutli thread\源.cpp(48,28): warning C4018: “<=”: 有符号/无符号不匹配
D:\C++\Linktest\Linktest\new_test\Mutli thread\Mutli thread\源.cpp(59,12): warning C4477: “printf”: 格式字符串“%d”需要类型“int”的参数，但可变参数 1 拥有了类型“_Rep”
          with
          [
              _Rep=__int64
          ]
D:\C++\Linktest\Linktest\new_test\Mutli thread\Mutli thread\源.cpp(59,12): message : 请考虑在格式字符串中使用“%lld”
D:\C++\Linktest\Linktest\new_test\Mutli thread\Mutli thread\源.cpp(59,12): message : 请考虑在格式字符串中使用“%Id”
D:\C++\Linktest\Linktest\new_test\Mutli thread\Mutli thread\源.cpp(59,12): message : 请考虑在格式字符串中使用“%I64d”
  Mutli thread.vcxproj -> D:\C++\Linktest\Linktest\new_test\Mutli thread\x64\Debug\Mutli thread.exe
